<?xml version="1.0" encoding="UTF-8"?>
<!-- Generated by org.testng.reporters.JUnitReportReporter -->
<testsuite hostname="Home" failures="0" tests="3" name="com.testLayer.ExtentReport" time="0.033" errors="0" timestamp="2023-05-16T22:13:53 IST" skipped="0">
  <testcase classname="com.testLayer.ExtentReport" name="xyz" time="0.003"/>
  <system-out/>
  <testcase classname="com.testLayer.ExtentReport" name="abc" time="0.029"/>
  <system-out/>
  <testcase classname="com.testLayer.ExtentReport" name="pqr" time="0.001"/>
  <system-out/>
</testsuite> <!-- com.testLayer.ExtentReport -->
